{"C:\\Users\\hp\\projects\\hub\\ERP-System\\src\\index.ts": {"path":"C:\\Users\\hp\\projects\\hub\\ERP-System\\src\\index.ts","statementMap":{"0":{"start":{"line":1,"column":0},"end":{"line":1,"column":30}},"1":{"start":{"line":2,"column":0},"end":{"line":2,"column":30}},"2":{"start":{"line":3,"column":0},"end":{"line":3,"column":24}},"3":{"start":{"line":4,"column":0},"end":{"line":4,"column":34}},"4":{"start":{"line":5,"column":0},"end":{"line":5,"column":46}},"5":{"start":{"line":6,"column":0},"end":{"line":6,"column":60}},"6":{"start":{"line":7,"column":0},"end":{"line":7,"column":33}},"7":{"start":{"line":8,"column":0},"end":{"line":8,"column":50}},"8":{"start":{"line":9,"column":0},"end":{"line":9,"column":49}},"9":{"start":{"line":11,"column":12},"end":{"line":11,"column":21}},"10":{"start":{"line":12,"column":13},"end":{"line":12,"column":24}},"11":{"start":{"line":13,"column":0},"end":{"line":13,"column":24}},"12":{"start":{"line":14,"column":0},"end":{"line":14,"column":16}},"13":{"start":{"line":16,"column":0},"end":{"line":22,"column":3}},"14":{"start":{"line":17,"column":2},"end":{"line":21,"column":5}},"15":{"start":{"line":24,"column":0},"end":{"line":24,"column":48}},"16":{"start":{"line":26,"column":0},"end":{"line":26,"column":31}},"17":{"start":{"line":28,"column":13},"end":{"line":30,"column":3}},"18":{"start":{"line":32,"column":0},"end":{"line":32,"column":22}},"19":{"start":{"line":33,"column":0},"end":{"line":33,"column":23}},"20":{"start":{"line":34,"column":0},"end":{"line":36,"column":3}},"21":{"start":{"line":35,"column":2},"end":{"line":35,"column":50}}},"fnMap":{"0":{"name":"(anonymous_1)","decl":{"start":{"line":16,"column":16},"end":{"line":16,"column":17}},"loc":{"start":{"line":16,"column":29},"end":{"line":22,"column":1}}},"1":{"name":"(anonymous_2)","decl":{"start":{"line":34,"column":17},"end":{"line":34,"column":20}},"loc":{"start":{"line":34,"column":22},"end":{"line":36,"column":1}}}},"branchMap":{},"s":{"0":0,"1":0,"2":0,"3":0,"4":0,"5":0,"6":0,"7":0,"8":0,"9":0,"10":0,"11":0,"12":0,"13":0,"14":0,"15":0,"16":0,"17":0,"18":0,"19":0,"20":0,"21":0},"f":{"0":0,"1":0},"b":{}}
,"C:\\Users\\hp\\projects\\hub\\ERP-System\\src\\config\\index.ts": {"path":"C:\\Users\\hp\\projects\\hub\\ERP-System\\src\\config\\index.ts","statementMap":{"0":{"start":{"line":1,"column":0},"end":{"line":1,"column":28}},"1":{"start":{"line":2,"column":0},"end":{"line":2,"column":16}},"2":{"start":{"line":4,"column":15},"end":{"line":12,"column":2}},"3":{"start":{"line":14,"column":0},"end":{"line":14,"column":22}}},"fnMap":{},"branchMap":{"0":{"loc":{"start":{"line":5,"column":8},"end":{"line":5,"column":32}},"type":"cond-expr","locations":[{"start":{"line":5,"column":24},"end":{"line":5,"column":28}},{"start":{"line":5,"column":28},"end":{"line":5,"column":32}}]},"1":{"loc":{"start":{"line":5,"column":8},"end":{"line":5,"column":28}},"type":"binary-expr","locations":[{"start":{"line":5,"column":8},"end":{"line":5,"column":28}},{"start":{"line":5,"column":24},"end":{"line":5,"column":28}}]}},"s":{"0":2,"1":2,"2":2,"3":2},"f":{},"b":{"0":[2,0],"1":[2,2]}}
,"C:\\Users\\hp\\projects\\hub\\ERP-System\\src\\config\\swaggerConfig.ts": {"path":"C:\\Users\\hp\\projects\\hub\\ERP-System\\src\\config\\swaggerConfig.ts","statementMap":{"0":{"start":{"line":1,"column":0},"end":{"line":1,"column":73}},"1":{"start":{"line":2,"column":13},"end":{"line":2,"column":29}},"2":{"start":{"line":3,"column":45},"end":{"line":44,"column":2}},"3":{"start":{"line":46,"column":25},"end":{"line":49,"column":2}},"4":{"start":{"line":50,"column":19},"end":{"line":50,"column":40}},"5":{"start":{"line":51,"column":0},"end":{"line":51,"column":26}}},"fnMap":{},"branchMap":{},"s":{"0":0,"1":0,"2":0,"3":0,"4":0,"5":0},"f":{},"b":{}}
,"C:\\Users\\hp\\projects\\hub\\ERP-System\\src\\controllers\\auth.controller.ts": {"path":"C:\\Users\\hp\\projects\\hub\\ERP-System\\src\\controllers\\auth.controller.ts","statementMap":{"0":{"start":{"line":2,"column":0},"end":{"line":2,"column":55}},"1":{"start":{"line":3,"column":0},"end":{"line":3,"column":55}},"2":{"start":{"line":4,"column":20},"end":{"line":4,"column":37}},"3":{"start":{"line":6,"column":13},"end":{"line":9,"column":3}},"4":{"start":{"line":6,"column":75},"end":{"line":9,"column":2}},"5":{"start":{"line":7,"column":28},"end":{"line":7,"column":64}},"6":{"start":{"line":8,"column":2},"end":{"line":8,"column":55}},"7":{"start":{"line":11,"column":13},"end":{"line":14,"column":3}},"8":{"start":{"line":11,"column":72},"end":{"line":14,"column":2}},"9":{"start":{"line":12,"column":35},"end":{"line":12,"column":68}},"10":{"start":{"line":13,"column":2},"end":{"line":13,"column":72}},"11":{"start":{"line":16,"column":13},"end":{"line":21,"column":3}},"12":{"start":{"line":16,"column":73},"end":{"line":21,"column":2}},"13":{"start":{"line":17,"column":16},"end":{"line":17,"column":55}},"14":{"start":{"line":18,"column":17},"end":{"line":18,"column":28}},"15":{"start":{"line":19,"column":22},"end":{"line":19,"column":61}},"16":{"start":{"line":20,"column":2},"end":{"line":20,"column":45}}},"fnMap":{"0":{"name":"(anonymous_8)","decl":{"start":{"line":6,"column":37},"end":{"line":6,"column":44}},"loc":{"start":{"line":6,"column":75},"end":{"line":9,"column":2}}},"1":{"name":"(anonymous_9)","decl":{"start":{"line":6,"column":75},"end":{"line":6,"column":null}},"loc":{"start":{"line":6,"column":75},"end":{"line":9,"column":1}}},"2":{"name":"(anonymous_10)","decl":{"start":{"line":11,"column":34},"end":{"line":11,"column":41}},"loc":{"start":{"line":11,"column":72},"end":{"line":14,"column":2}}},"3":{"name":"(anonymous_11)","decl":{"start":{"line":11,"column":72},"end":{"line":11,"column":null}},"loc":{"start":{"line":11,"column":72},"end":{"line":14,"column":1}}},"4":{"name":"(anonymous_12)","decl":{"start":{"line":16,"column":35},"end":{"line":16,"column":42}},"loc":{"start":{"line":16,"column":73},"end":{"line":21,"column":2}}},"5":{"name":"(anonymous_13)","decl":{"start":{"line":16,"column":73},"end":{"line":16,"column":null}},"loc":{"start":{"line":16,"column":73},"end":{"line":21,"column":1}}}},"branchMap":{},"s":{"0":0,"1":0,"2":0,"3":0,"4":0,"5":0,"6":0,"7":0,"8":0,"9":0,"10":0,"11":0,"12":0,"13":0,"14":0,"15":0,"16":0},"f":{"0":0,"1":0,"2":0,"3":0,"4":0,"5":0},"b":{}}
,"C:\\Users\\hp\\projects\\hub\\ERP-System\\src\\controllers\\dashboard.controller.ts": {"path":"C:\\Users\\hp\\projects\\hub\\ERP-System\\src\\controllers\\dashboard.controller.ts","statementMap":{"0":{"start":{"line":2,"column":0},"end":{"line":2,"column":55}},"1":{"start":{"line":3,"column":0},"end":{"line":3,"column":65}},"2":{"start":{"line":4,"column":25},"end":{"line":4,"column":47}},"3":{"start":{"line":6,"column":13},"end":{"line":11,"column":2}},"4":{"start":{"line":7,"column":40},"end":{"line":10,"column":null}},"5":{"start":{"line":8,"column":21},"end":{"line":8,"column":60}},"6":{"start":{"line":9,"column":4},"end":{"line":9,"column":35}}},"fnMap":{"0":{"name":"(anonymous_8)","decl":{"start":{"line":7,"column":2},"end":{"line":7,"column":9}},"loc":{"start":{"line":7,"column":40},"end":{"line":10,"column":null}}},"1":{"name":"(anonymous_9)","decl":{"start":{"line":7,"column":40},"end":{"line":7,"column":null}},"loc":{"start":{"line":7,"column":40},"end":{"line":10,"column":3}}}},"branchMap":{},"s":{"0":0,"1":0,"2":0,"3":0,"4":0,"5":0,"6":0},"f":{"0":0,"1":0},"b":{}}
,"C:\\Users\\hp\\projects\\hub\\ERP-System\\src\\controllers\\employee.controller.ts": {"path":"C:\\Users\\hp\\projects\\hub\\ERP-System\\src\\controllers\\employee.controller.ts","statementMap":{"0":{"start":{"line":2,"column":0},"end":{"line":2,"column":55}},"1":{"start":{"line":3,"column":0},"end":{"line":3,"column":63}},"2":{"start":{"line":5,"column":24},"end":{"line":5,"column":45}},"3":{"start":{"line":7,"column":13},"end":{"line":10,"column":3}},"4":{"start":{"line":7,"column":78},"end":{"line":10,"column":2}},"5":{"start":{"line":8,"column":28},"end":{"line":8,"column":71}},"6":{"start":{"line":9,"column":2},"end":{"line":9,"column":42}},"7":{"start":{"line":12,"column":13},"end":{"line":24,"column":2}},"8":{"start":{"line":13,"column":40},"end":{"line":23,"column":null}},"9":{"start":{"line":14,"column":28},"end":{"line":14,"column":37}},"10":{"start":{"line":16,"column":42},"end":{"line":19,"column":6}},"11":{"start":{"line":20,"column":4},"end":{"line":22,"column":80}},"12":{"start":{"line":26,"column":13},"end":{"line":33,"column":2}},"13":{"start":{"line":27,"column":40},"end":{"line":32,"column":null}},"14":{"start":{"line":28,"column":19},"end":{"line":28,"column":29}},"15":{"start":{"line":30,"column":24},"end":{"line":30,"column":74}},"16":{"start":{"line":31,"column":4},"end":{"line":31,"column":38}},"17":{"start":{"line":35,"column":13},"end":{"line":41,"column":2}},"18":{"start":{"line":36,"column":40},"end":{"line":40,"column":null}},"19":{"start":{"line":37,"column":19},"end":{"line":37,"column":29}},"20":{"start":{"line":38,"column":24},"end":{"line":38,"column":64}},"21":{"start":{"line":39,"column":4},"end":{"line":39,"column":38}}},"fnMap":{"0":{"name":"(anonymous_8)","decl":{"start":{"line":7,"column":40},"end":{"line":7,"column":47}},"loc":{"start":{"line":7,"column":78},"end":{"line":10,"column":2}}},"1":{"name":"(anonymous_9)","decl":{"start":{"line":7,"column":78},"end":{"line":7,"column":null}},"loc":{"start":{"line":7,"column":78},"end":{"line":10,"column":1}}},"2":{"name":"(anonymous_10)","decl":{"start":{"line":13,"column":2},"end":{"line":13,"column":9}},"loc":{"start":{"line":13,"column":40},"end":{"line":23,"column":null}}},"3":{"name":"(anonymous_11)","decl":{"start":{"line":13,"column":40},"end":{"line":13,"column":null}},"loc":{"start":{"line":13,"column":40},"end":{"line":23,"column":3}}},"4":{"name":"(anonymous_12)","decl":{"start":{"line":27,"column":2},"end":{"line":27,"column":9}},"loc":{"start":{"line":27,"column":40},"end":{"line":32,"column":null}}},"5":{"name":"(anonymous_13)","decl":{"start":{"line":27,"column":40},"end":{"line":27,"column":null}},"loc":{"start":{"line":27,"column":40},"end":{"line":32,"column":3}}},"6":{"name":"(anonymous_14)","decl":{"start":{"line":36,"column":2},"end":{"line":36,"column":9}},"loc":{"start":{"line":36,"column":40},"end":{"line":40,"column":null}}},"7":{"name":"(anonymous_15)","decl":{"start":{"line":36,"column":40},"end":{"line":36,"column":null}},"loc":{"start":{"line":36,"column":40},"end":{"line":40,"column":3}}}},"branchMap":{"0":{"loc":{"start":{"line":17,"column":12},"end":{"line":17,"column":55}},"type":"cond-expr","locations":[{"start":{"line":17,"column":19},"end":{"line":17,"column":43}},{"start":{"line":17,"column":46},"end":{"line":17,"column":55}}]},"1":{"loc":{"start":{"line":18,"column":13},"end":{"line":18,"column":58}},"type":"cond-expr","locations":[{"start":{"line":18,"column":21},"end":{"line":18,"column":46}},{"start":{"line":18,"column":49},"end":{"line":18,"column":58}}]},"2":{"loc":{"start":{"line":22,"column":47},"end":{"line":22,"column":56}},"type":"binary-expr","locations":[{"start":{"line":22,"column":47},"end":{"line":22,"column":51}},{"start":{"line":22,"column":55},"end":{"line":22,"column":56}}]},"3":{"loc":{"start":{"line":22,"column":65},"end":{"line":22,"column":76}},"type":"binary-expr","locations":[{"start":{"line":22,"column":65},"end":{"line":22,"column":70}},{"start":{"line":22,"column":74},"end":{"line":22,"column":76}}]}},"s":{"0":0,"1":0,"2":0,"3":0,"4":0,"5":0,"6":0,"7":0,"8":0,"9":0,"10":0,"11":0,"12":0,"13":0,"14":0,"15":0,"16":0,"17":0,"18":0,"19":0,"20":0,"21":0},"f":{"0":0,"1":0,"2":0,"3":0,"4":0,"5":0,"6":0,"7":0},"b":{"0":[0,0],"1":[0,0],"2":[0,0],"3":[0,0]}}
,"C:\\Users\\hp\\projects\\hub\\ERP-System\\src\\controllers\\profile.controller.ts": {"path":"C:\\Users\\hp\\projects\\hub\\ERP-System\\src\\controllers\\profile.controller.ts","statementMap":{"0":{"start":{"line":1,"column":0},"end":{"line":1,"column":55}},"1":{"start":{"line":2,"column":0},"end":{"line":2,"column":61}},"2":{"start":{"line":4,"column":23},"end":{"line":4,"column":43}},"3":{"start":{"line":6,"column":13},"end":{"line":11,"column":3}},"4":{"start":{"line":6,"column":78},"end":{"line":11,"column":2}},"5":{"start":{"line":7,"column":17},"end":{"line":7,"column":28}},"6":{"start":{"line":9,"column":19},"end":{"line":9,"column":59}},"7":{"start":{"line":10,"column":2},"end":{"line":10,"column":33}},"8":{"start":{"line":13,"column":13},"end":{"line":20,"column":2}},"9":{"start":{"line":14,"column":40},"end":{"line":19,"column":null}},"10":{"start":{"line":15,"column":19},"end":{"line":15,"column":30}},"11":{"start":{"line":17,"column":24},"end":{"line":17,"column":76}},"12":{"start":{"line":18,"column":4},"end":{"line":18,"column":38}}},"fnMap":{"0":{"name":"(anonymous_8)","decl":{"start":{"line":6,"column":40},"end":{"line":6,"column":47}},"loc":{"start":{"line":6,"column":78},"end":{"line":11,"column":2}}},"1":{"name":"(anonymous_9)","decl":{"start":{"line":6,"column":78},"end":{"line":6,"column":null}},"loc":{"start":{"line":6,"column":78},"end":{"line":11,"column":1}}},"2":{"name":"(anonymous_10)","decl":{"start":{"line":14,"column":2},"end":{"line":14,"column":9}},"loc":{"start":{"line":14,"column":40},"end":{"line":19,"column":null}}},"3":{"name":"(anonymous_11)","decl":{"start":{"line":14,"column":40},"end":{"line":14,"column":null}},"loc":{"start":{"line":14,"column":40},"end":{"line":19,"column":3}}}},"branchMap":{},"s":{"0":0,"1":0,"2":0,"3":0,"4":0,"5":0,"6":0,"7":0,"8":0,"9":0,"10":0,"11":0,"12":0},"f":{"0":0,"1":0,"2":0,"3":0},"b":{}}
,"C:\\Users\\hp\\projects\\hub\\ERP-System\\src\\docs\\auth.doc.ts": {"path":"C:\\Users\\hp\\projects\\hub\\ERP-System\\src\\docs\\auth.doc.ts","statementMap":{"0":{"start":{"line":1,"column":13},"end":{"line":54,"column":2}},"1":{"start":{"line":56,"column":13},"end":{"line":115,"column":2}},"2":{"start":{"line":117,"column":13},"end":{"line":144,"column":2}}},"fnMap":{},"branchMap":{},"s":{"0":0,"1":0,"2":0},"f":{},"b":{}}
,"C:\\Users\\hp\\projects\\hub\\ERP-System\\src\\docs\\dashboard.doc.ts": {"path":"C:\\Users\\hp\\projects\\hub\\ERP-System\\src\\docs\\dashboard.doc.ts","statementMap":{"0":{"start":{"line":1,"column":13},"end":{"line":36,"column":2}}},"fnMap":{},"branchMap":{},"s":{"0":0},"f":{},"b":{}}
,"C:\\Users\\hp\\projects\\hub\\ERP-System\\src\\docs\\employee.doc.ts": {"path":"C:\\Users\\hp\\projects\\hub\\ERP-System\\src\\docs\\employee.doc.ts","statementMap":{"0":{"start":{"line":1,"column":13},"end":{"line":89,"column":2}},"1":{"start":{"line":91,"column":13},"end":{"line":187,"column":2}},"2":{"start":{"line":189,"column":13},"end":{"line":253,"column":2}},"3":{"start":{"line":254,"column":13},"end":{"line":295,"column":2}}},"fnMap":{},"branchMap":{},"s":{"0":0,"1":0,"2":0,"3":0},"f":{},"b":{}}
,"C:\\Users\\hp\\projects\\hub\\ERP-System\\src\\docs\\profile.doc.ts": {"path":"C:\\Users\\hp\\projects\\hub\\ERP-System\\src\\docs\\profile.doc.ts","statementMap":{"0":{"start":{"line":1,"column":13},"end":{"line":63,"column":2}},"1":{"start":{"line":64,"column":13},"end":{"line":120,"column":2}}},"fnMap":{},"branchMap":{},"s":{"0":0,"1":0},"f":{},"b":{}}
,"C:\\Users\\hp\\projects\\hub\\ERP-System\\src\\middlewares\\asyncHandler.ts": {"path":"C:\\Users\\hp\\projects\\hub\\ERP-System\\src\\middlewares\\asyncHandler.ts","statementMap":{"0":{"start":{"line":9,"column":4},"end":{"line":12,"column":9}},"1":{"start":{"line":10,"column":8},"end":{"line":12,"column":9}},"2":{"start":{"line":11,"column":12},"end":{"line":11,"column":67}},"3":{"start":{"line":14,"column":0},"end":{"line":14,"column":28}}},"fnMap":{"0":{"name":"(anonymous_0)","decl":{"start":{"line":9,"column":4},"end":{"line":9,"column":5}},"loc":{"start":{"line":10,"column":8},"end":{"line":12,"column":9}}},"1":{"name":"(anonymous_1)","decl":{"start":{"line":10,"column":8},"end":{"line":10,"column":9}},"loc":{"start":{"line":10,"column":60},"end":{"line":12,"column":9}}}},"branchMap":{},"s":{"0":1,"1":0,"2":0,"3":1},"f":{"0":0,"1":0},"b":{}}
,"C:\\Users\\hp\\projects\\hub\\ERP-System\\src\\middlewares\\auth.ts": {"path":"C:\\Users\\hp\\projects\\hub\\ERP-System\\src\\middlewares\\auth.ts","statementMap":{"0":{"start":{"line":2,"column":0},"end":{"line":2,"column":31}},"1":{"start":{"line":3,"column":0},"end":{"line":3,"column":31}},"2":{"start":{"line":5,"column":0},"end":{"line":5,"column":34}},"3":{"start":{"line":6,"column":0},"end":{"line":6,"column":38}},"4":{"start":{"line":7,"column":0},"end":{"line":7,"column":34}},"5":{"start":{"line":9,"column":30},"end":{"line":68,"column":2}},"6":{"start":{"line":13,"column":4},"end":{"line":68,"column":2}},"7":{"start":{"line":14,"column":2},"end":{"line":67,"column":3}},"8":{"start":{"line":15,"column":23},"end":{"line":15,"column":48}},"9":{"start":{"line":17,"column":4},"end":{"line":23,"column":5}},"10":{"start":{"line":18,"column":6},"end":{"line":21,"column":9}},"11":{"start":{"line":22,"column":6},"end":{"line":22,"column":13}},"12":{"start":{"line":25,"column":18},"end":{"line":25,"column":42}},"13":{"start":{"line":26,"column":4},"end":{"line":32,"column":5}},"14":{"start":{"line":27,"column":6},"end":{"line":30,"column":9}},"15":{"start":{"line":31,"column":6},"end":{"line":31,"column":13}},"16":{"start":{"line":34,"column":4},"end":{"line":63,"column":7}},"17":{"start":{"line":34,"column":72},"end":{"line":63,"column":6}},"18":{"start":{"line":35,"column":6},"end":{"line":41,"column":7}},"19":{"start":{"line":36,"column":8},"end":{"line":39,"column":11}},"20":{"start":{"line":40,"column":8},"end":{"line":40,"column":15}},"21":{"start":{"line":42,"column":22},"end":{"line":44,"column":8}},"22":{"start":{"line":45,"column":6},"end":{"line":50,"column":7}},"23":{"start":{"line":46,"column":8},"end":{"line":49,"column":11}},"24":{"start":{"line":51,"column":19},"end":{"line":53,"column":8}},"25":{"start":{"line":54,"column":6},"end":{"line":60,"column":7}},"26":{"start":{"line":55,"column":8},"end":{"line":58,"column":11}},"27":{"start":{"line":59,"column":8},"end":{"line":59,"column":15}},"28":{"start":{"line":61,"column":6},"end":{"line":61,"column":22}},"29":{"start":{"line":62,"column":6},"end":{"line":62,"column":13}},"30":{"start":{"line":65,"column":4},"end":{"line":65,"column":21}},"31":{"start":{"line":66,"column":4},"end":{"line":66,"column":51}},"32":{"start":{"line":9,"column":13},"end":{"line":9,"column":30}},"33":{"start":{"line":69,"column":31},"end":{"line":84,"column":2}},"34":{"start":{"line":73,"column":4},"end":{"line":84,"column":2}},"35":{"start":{"line":74,"column":15},"end":{"line":74,"column":23}},"36":{"start":{"line":75,"column":2},"end":{"line":83,"column":3}},"37":{"start":{"line":76,"column":4},"end":{"line":76,"column":11}},"38":{"start":{"line":78,"column":4},"end":{"line":81,"column":7}},"39":{"start":{"line":82,"column":4},"end":{"line":82,"column":11}},"40":{"start":{"line":69,"column":13},"end":{"line":69,"column":31}}},"fnMap":{"0":{"name":"(anonymous_8)","decl":{"start":{"line":9,"column":30},"end":{"line":9,"column":null}},"loc":{"start":{"line":13,"column":4},"end":{"line":68,"column":2}}},"1":{"name":"(anonymous_9)","decl":{"start":{"line":13,"column":4},"end":{"line":13,"column":null}},"loc":{"start":{"line":13,"column":4},"end":{"line":68,"column":1}}},"2":{"name":"(anonymous_10)","decl":{"start":{"line":34,"column":44},"end":{"line":34,"column":51}},"loc":{"start":{"line":34,"column":72},"end":{"line":63,"column":6}}},"3":{"name":"(anonymous_11)","decl":{"start":{"line":34,"column":72},"end":{"line":34,"column":null}},"loc":{"start":{"line":34,"column":72},"end":{"line":63,"column":5}}},"4":{"name":"(anonymous_12)","decl":{"start":{"line":69,"column":31},"end":{"line":69,"column":null}},"loc":{"start":{"line":73,"column":4},"end":{"line":84,"column":2}}},"5":{"name":"(anonymous_13)","decl":{"start":{"line":73,"column":4},"end":{"line":73,"column":null}},"loc":{"start":{"line":73,"column":4},"end":{"line":84,"column":1}}}},"branchMap":{"0":{"loc":{"start":{"line":17,"column":4},"end":{"line":23,"column":5}},"type":"if","locations":[{"start":{"line":17,"column":4},"end":{"line":23,"column":5}}]},"1":{"loc":{"start":{"line":17,"column":8},"end":{"line":17,"column":56}},"type":"binary-expr","locations":[{"start":{"line":17,"column":8},"end":{"line":17,"column":19}},{"start":{"line":17,"column":23},"end":{"line":17,"column":56}}]},"2":{"loc":{"start":{"line":26,"column":4},"end":{"line":32,"column":5}},"type":"if","locations":[{"start":{"line":26,"column":4},"end":{"line":32,"column":5}}]},"3":{"loc":{"start":{"line":35,"column":6},"end":{"line":41,"column":7}},"type":"if","locations":[{"start":{"line":35,"column":6},"end":{"line":41,"column":7}}]},"4":{"loc":{"start":{"line":45,"column":6},"end":{"line":50,"column":7}},"type":"if","locations":[{"start":{"line":45,"column":6},"end":{"line":50,"column":7}}]},"5":{"loc":{"start":{"line":45,"column":10},"end":{"line":45,"column":52}},"type":"binary-expr","locations":[{"start":{"line":45,"column":10},"end":{"line":45,"column":18}},{"start":{"line":45,"column":22},"end":{"line":45,"column":52}}]},"6":{"loc":{"start":{"line":54,"column":6},"end":{"line":60,"column":7}},"type":"if","locations":[{"start":{"line":54,"column":6},"end":{"line":60,"column":7}}]},"7":{"loc":{"start":{"line":75,"column":2},"end":{"line":83,"column":3}},"type":"if","locations":[{"start":{"line":75,"column":2},"end":{"line":83,"column":3}},{"start":{"line":77,"column":9},"end":{"line":83,"column":3}}]},"8":{"loc":{"start":{"line":75,"column":6},"end":{"line":75,"column":16}},"type":"cond-expr","locations":[{"start":{"line":75,"column":10},"end":{"line":75,"column":12}},{"start":{"line":75,"column":6},"end":{"line":75,"column":16}}]},"9":{"loc":{"start":{"line":75,"column":6},"end":{"line":75,"column":12}},"type":"binary-expr","locations":[{"start":{"line":75,"column":6},"end":{"line":75,"column":12}},{"start":{"line":75,"column":6},"end":{"line":75,"column":12}}]}},"s":{"0":1,"1":1,"2":1,"3":1,"4":1,"5":1,"6":0,"7":0,"8":0,"9":0,"10":0,"11":0,"12":0,"13":0,"14":0,"15":0,"16":0,"17":0,"18":0,"19":0,"20":0,"21":0,"22":0,"23":0,"24":0,"25":0,"26":0,"27":0,"28":0,"29":0,"30":0,"31":0,"32":1,"33":1,"34":0,"35":0,"36":0,"37":0,"38":0,"39":0,"40":1},"f":{"0":0,"1":0,"2":0,"3":0,"4":0,"5":0},"b":{"0":[0],"1":[0,0],"2":[0],"3":[0],"4":[0],"5":[0,0],"6":[0],"7":[0,0],"8":[0,0],"9":[0,0]}}
,"C:\\Users\\hp\\projects\\hub\\ERP-System\\src\\middlewares\\error.ts": {"path":"C:\\Users\\hp\\projects\\hub\\ERP-System\\src\\middlewares\\error.ts","statementMap":{"0":{"start":{"line":2,"column":0},"end":{"line":2,"column":31}},"1":{"start":{"line":3,"column":0},"end":{"line":3,"column":34}},"2":{"start":{"line":10,"column":4},"end":{"line":10,"column":19}},"3":{"start":{"line":7,"column":2},"end":{"line":7,"column":27}},"4":{"start":{"line":11,"column":4},"end":{"line":11,"column":38}},"5":{"start":{"line":12,"column":4},"end":{"line":12,"column":34}},"6":{"start":{"line":96,"column":2},"end":{"line":96,"column":11}},"7":{"start":{"line":18,"column":4},"end":{"line":18,"column":24}},"8":{"start":{"line":92,"column":2},"end":{"line":92,"column":12}},"9":{"start":{"line":24,"column":4},"end":{"line":24,"column":24}},"10":{"start":{"line":98,"column":2},"end":{"line":98,"column":18}},"11":{"start":{"line":30,"column":4},"end":{"line":30,"column":24}},"12":{"start":{"line":101,"column":2},"end":{"line":101,"column":17}},"13":{"start":{"line":36,"column":4},"end":{"line":36,"column":24}},"14":{"start":{"line":95,"column":2},"end":{"line":95,"column":14}},"15":{"start":{"line":42,"column":4},"end":{"line":42,"column":24}},"16":{"start":{"line":93,"column":2},"end":{"line":93,"column":10}},"17":{"start":{"line":48,"column":4},"end":{"line":48,"column":24}},"18":{"start":{"line":97,"column":2},"end":{"line":97,"column":14}},"19":{"start":{"line":54,"column":4},"end":{"line":54,"column":24}},"20":{"start":{"line":102,"column":2},"end":{"line":102,"column":9}},"21":{"start":{"line":60,"column":4},"end":{"line":60,"column":24}},"22":{"start":{"line":100,"column":2},"end":{"line":100,"column":13}},"23":{"start":{"line":64,"column":22},"end":{"line":67,"column":1}},"24":{"start":{"line":65,"column":18},"end":{"line":65,"column":55}},"25":{"start":{"line":66,"column":2},"end":{"line":66,"column":65}},"26":{"start":{"line":99,"column":2},"end":{"line":99,"column":15}},"27":{"start":{"line":69,"column":21},"end":{"line":89,"column":1}},"28":{"start":{"line":75,"column":2},"end":{"line":75,"column":17}},"29":{"start":{"line":76,"column":18},"end":{"line":76,"column":65}},"30":{"start":{"line":77,"column":17},"end":{"line":77,"column":39}},"31":{"start":{"line":78,"column":18},"end":{"line":78,"column":63}},"32":{"start":{"line":79,"column":25},"end":{"line":79,"column":50}},"33":{"start":{"line":81,"column":2},"end":{"line":83,"column":3}},"34":{"start":{"line":82,"column":4},"end":{"line":82,"column":28}},"35":{"start":{"line":84,"column":2},"end":{"line":88,"column":5}},"36":{"start":{"line":94,"column":2},"end":{"line":94,"column":14}}},"fnMap":{"0":{"name":"(anonymous_1)","decl":{"start":{"line":9,"column":2},"end":{"line":9,"column":14}},"loc":{"start":{"line":9,"column":49},"end":{"line":13,"column":3}}},"1":{"name":"(anonymous_2)","decl":{"start":{"line":17,"column":2},"end":{"line":17,"column":14}},"loc":{"start":{"line":17,"column":29},"end":{"line":19,"column":3}}},"2":{"name":"(anonymous_3)","decl":{"start":{"line":23,"column":2},"end":{"line":23,"column":14}},"loc":{"start":{"line":23,"column":29},"end":{"line":25,"column":3}}},"3":{"name":"(anonymous_4)","decl":{"start":{"line":29,"column":2},"end":{"line":29,"column":14}},"loc":{"start":{"line":29,"column":29},"end":{"line":31,"column":3}}},"4":{"name":"(anonymous_5)","decl":{"start":{"line":35,"column":2},"end":{"line":35,"column":14}},"loc":{"start":{"line":35,"column":29},"end":{"line":37,"column":3}}},"5":{"name":"(anonymous_6)","decl":{"start":{"line":41,"column":2},"end":{"line":41,"column":14}},"loc":{"start":{"line":41,"column":29},"end":{"line":43,"column":3}}},"6":{"name":"(anonymous_7)","decl":{"start":{"line":47,"column":2},"end":{"line":47,"column":14}},"loc":{"start":{"line":47,"column":29},"end":{"line":49,"column":3}}},"7":{"name":"(anonymous_8)","decl":{"start":{"line":53,"column":2},"end":{"line":53,"column":14}},"loc":{"start":{"line":53,"column":29},"end":{"line":55,"column":3}}},"8":{"name":"(anonymous_9)","decl":{"start":{"line":59,"column":2},"end":{"line":59,"column":14}},"loc":{"start":{"line":59,"column":29},"end":{"line":61,"column":3}}},"9":{"name":"(anonymous_10)","decl":{"start":{"line":64,"column":22},"end":{"line":64,"column":23}},"loc":{"start":{"line":64,"column":74},"end":{"line":67,"column":1}}},"10":{"name":"(anonymous_11)","decl":{"start":{"line":69,"column":21},"end":{"line":69,"column":null}},"loc":{"start":{"line":74,"column":4},"end":{"line":89,"column":1}}}},"branchMap":{"0":{"loc":{"start":{"line":76,"column":18},"end":{"line":76,"column":65}},"type":"cond-expr","locations":[{"start":{"line":76,"column":46},"end":{"line":76,"column":57}},{"start":{"line":76,"column":60},"end":{"line":76,"column":65}}]},"1":{"loc":{"start":{"line":77,"column":17},"end":{"line":77,"column":39}},"type":"binary-expr","locations":[{"start":{"line":77,"column":17},"end":{"line":77,"column":32}},{"start":{"line":77,"column":36},"end":{"line":77,"column":39}}]},"2":{"loc":{"start":{"line":78,"column":18},"end":{"line":78,"column":63}},"type":"binary-expr","locations":[{"start":{"line":78,"column":18},"end":{"line":78,"column":29}},{"start":{"line":78,"column":33},"end":{"line":78,"column":63}}]},"3":{"loc":{"start":{"line":81,"column":2},"end":{"line":83,"column":3}},"type":"if","locations":[{"start":{"line":81,"column":2},"end":{"line":83,"column":3}}]}},"s":{"0":1,"1":1,"2":0,"3":0,"4":0,"5":0,"6":1,"7":0,"8":1,"9":0,"10":1,"11":0,"12":1,"13":0,"14":1,"15":0,"16":1,"17":0,"18":1,"19":0,"20":1,"21":0,"22":1,"23":1,"24":0,"25":0,"26":1,"27":1,"28":0,"29":0,"30":0,"31":0,"32":0,"33":0,"34":0,"35":0,"36":1},"f":{"0":0,"1":0,"2":0,"3":0,"4":0,"5":0,"6":0,"7":0,"8":0,"9":0,"10":0},"b":{"0":[0,0],"1":[0,0],"2":[0,0],"3":[0]}}
,"C:\\Users\\hp\\projects\\hub\\ERP-System\\src\\middlewares\\index.ts": {"path":"C:\\Users\\hp\\projects\\hub\\ERP-System\\src\\middlewares\\index.ts","statementMap":{"0":{"start":{"line":1,"column":0},"end":{"line":1,"column":23}},"1":{"start":{"line":2,"column":0},"end":{"line":2,"column":22}},"2":{"start":{"line":3,"column":0},"end":{"line":3,"column":28}},"3":{"start":{"line":4,"column":0},"end":{"line":4,"column":30}},"4":{"start":{"line":5,"column":0},"end":{"line":5,"column":22}}},"fnMap":{},"branchMap":{},"s":{"0":1,"1":1,"2":1,"3":1,"4":1},"f":{},"b":{}}
,"C:\\Users\\hp\\projects\\hub\\ERP-System\\src\\middlewares\\validation.ts": {"path":"C:\\Users\\hp\\projects\\hub\\ERP-System\\src\\middlewares\\validation.ts","statementMap":{"0":{"start":{"line":4,"column":0},"end":{"line":4,"column":16}},"1":{"start":{"line":22,"column":0},"end":{"line":22,"column":16}},"2":{"start":{"line":2,"column":0},"end":{"line":2,"column":34}},"3":{"start":{"line":5,"column":2},"end":{"line":19,"column":4}},"4":{"start":{"line":6,"column":4},"end":{"line":18,"column":5}},"5":{"start":{"line":7,"column":6},"end":{"line":7,"column":29}},"6":{"start":{"line":8,"column":6},"end":{"line":8,"column":13}},"7":{"start":{"line":10,"column":6},"end":{"line":17,"column":7}},"8":{"start":{"line":11,"column":30},"end":{"line":13,"column":11}},"9":{"start":{"line":11,"column":64},"end":{"line":13,"column":10}},"10":{"start":{"line":14,"column":8},"end":{"line":14,"column":56}},"11":{"start":{"line":16,"column":8},"end":{"line":16,"column":65}},"12":{"start":{"line":23,"column":2},"end":{"line":37,"column":4}},"13":{"start":{"line":24,"column":4},"end":{"line":36,"column":5}},"14":{"start":{"line":25,"column":6},"end":{"line":25,"column":30}},"15":{"start":{"line":26,"column":6},"end":{"line":26,"column":13}},"16":{"start":{"line":28,"column":6},"end":{"line":35,"column":7}},"17":{"start":{"line":29,"column":30},"end":{"line":31,"column":11}},"18":{"start":{"line":29,"column":64},"end":{"line":31,"column":10}},"19":{"start":{"line":32,"column":8},"end":{"line":32,"column":56}},"20":{"start":{"line":34,"column":8},"end":{"line":34,"column":65}}},"fnMap":{"0":{"name":"validateData","decl":{"start":{"line":4,"column":16},"end":{"line":4,"column":28}},"loc":{"start":{"line":4,"column":58},"end":{"line":20,"column":1}}},"1":{"name":"(anonymous_1)","decl":{"start":{"line":5,"column":9},"end":{"line":5,"column":10}},"loc":{"start":{"line":5,"column":61},"end":{"line":19,"column":3}}},"2":{"name":"(anonymous_2)","decl":{"start":{"line":11,"column":47},"end":{"line":11,"column":48}},"loc":{"start":{"line":11,"column":64},"end":{"line":13,"column":10}}},"3":{"name":"validateQuery","decl":{"start":{"line":22,"column":16},"end":{"line":22,"column":29}},"loc":{"start":{"line":22,"column":59},"end":{"line":38,"column":1}}},"4":{"name":"(anonymous_4)","decl":{"start":{"line":23,"column":9},"end":{"line":23,"column":10}},"loc":{"start":{"line":23,"column":61},"end":{"line":37,"column":3}}},"5":{"name":"(anonymous_5)","decl":{"start":{"line":29,"column":47},"end":{"line":29,"column":48}},"loc":{"start":{"line":29,"column":64},"end":{"line":31,"column":10}}}},"branchMap":{"0":{"loc":{"start":{"line":10,"column":6},"end":{"line":17,"column":7}},"type":"if","locations":[{"start":{"line":10,"column":6},"end":{"line":17,"column":7}},{"start":{"line":15,"column":13},"end":{"line":17,"column":7}}]},"1":{"loc":{"start":{"line":28,"column":6},"end":{"line":35,"column":7}},"type":"if","locations":[{"start":{"line":28,"column":6},"end":{"line":35,"column":7}},{"start":{"line":33,"column":13},"end":{"line":35,"column":7}}]}},"s":{"0":1,"1":1,"2":1,"3":0,"4":0,"5":0,"6":0,"7":0,"8":0,"9":0,"10":0,"11":0,"12":0,"13":0,"14":0,"15":0,"16":0,"17":0,"18":0,"19":0,"20":0},"f":{"0":0,"1":0,"2":0,"3":0,"4":0,"5":0},"b":{"0":[0,0],"1":[0,0]}}
,"C:\\Users\\hp\\projects\\hub\\ERP-System\\src\\routes\\auth.route.ts": {"path":"C:\\Users\\hp\\projects\\hub\\ERP-System\\src\\routes\\auth.route.ts","statementMap":{"0":{"start":{"line":1,"column":0},"end":{"line":1,"column":33}},"1":{"start":{"line":2,"column":0},"end":{"line":2,"column":46}},"2":{"start":{"line":4,"column":0},"end":{"line":4,"column":51}},"3":{"start":{"line":5,"column":0},"end":{"line":5,"column":73}},"4":{"start":{"line":6,"column":0},"end":{"line":6,"column":48}},"5":{"start":{"line":7,"column":27},"end":{"line":7,"column":35}},"6":{"start":{"line":13,"column":9},"end":{"line":13,"column":19}},"7":{"start":{"line":9,"column":0},"end":{"line":9,"column":65}},"8":{"start":{"line":10,"column":0},"end":{"line":10,"column":59}},"9":{"start":{"line":11,"column":0},"end":{"line":11,"column":51}}},"fnMap":{},"branchMap":{},"s":{"0":0,"1":0,"2":0,"3":0,"4":0,"5":0,"6":0,"7":0,"8":0,"9":0},"f":{},"b":{}}
,"C:\\Users\\hp\\projects\\hub\\ERP-System\\src\\routes\\dashboard.route.ts": {"path":"C:\\Users\\hp\\projects\\hub\\ERP-System\\src\\routes\\dashboard.route.ts","statementMap":{"0":{"start":{"line":1,"column":0},"end":{"line":1,"column":33}},"1":{"start":{"line":2,"column":0},"end":{"line":2,"column":79}},"2":{"start":{"line":3,"column":0},"end":{"line":3,"column":69}},"3":{"start":{"line":4,"column":32},"end":{"line":4,"column":40}},"4":{"start":{"line":13,"column":9},"end":{"line":13,"column":24}},"5":{"start":{"line":6,"column":0},"end":{"line":11,"column":2}}},"fnMap":{},"branchMap":{},"s":{"0":0,"1":0,"2":0,"3":0,"4":0,"5":0},"f":{},"b":{}}
,"C:\\Users\\hp\\projects\\hub\\ERP-System\\src\\routes\\employee.route.ts": {"path":"C:\\Users\\hp\\projects\\hub\\ERP-System\\src\\routes\\employee.route.ts","statementMap":{"0":{"start":{"line":1,"column":0},"end":{"line":1,"column":33}},"1":{"start":{"line":2,"column":0},"end":{"line":2,"column":79}},"2":{"start":{"line":3,"column":0},"end":{"line":3,"column":null}},"3":{"start":{"line":9,"column":0},"end":{"line":9,"column":null}},"4":{"start":{"line":13,"column":31},"end":{"line":13,"column":39}},"5":{"start":{"line":32,"column":9},"end":{"line":32,"column":23}},"6":{"start":{"line":15,"column":0},"end":{"line":21,"column":2}},"7":{"start":{"line":23,"column":0},"end":{"line":23,"column":73}},"8":{"start":{"line":24,"column":0},"end":{"line":30,"column":2}},"9":{"start":{"line":31,"column":0},"end":{"line":31,"column":79}}},"fnMap":{},"branchMap":{},"s":{"0":0,"1":0,"2":0,"3":0,"4":0,"5":0,"6":0,"7":0,"8":0,"9":0},"f":{},"b":{}}
,"C:\\Users\\hp\\projects\\hub\\ERP-System\\src\\routes\\index.ts": {"path":"C:\\Users\\hp\\projects\\hub\\ERP-System\\src\\routes\\index.ts","statementMap":{"0":{"start":{"line":1,"column":0},"end":{"line":1,"column":33}},"1":{"start":{"line":2,"column":0},"end":{"line":2,"column":42}},"2":{"start":{"line":3,"column":0},"end":{"line":3,"column":50}},"3":{"start":{"line":4,"column":0},"end":{"line":4,"column":48}},"4":{"start":{"line":5,"column":0},"end":{"line":5,"column":52}},"5":{"start":{"line":6,"column":19},"end":{"line":6,"column":27}},"6":{"start":{"line":8,"column":0},"end":{"line":8,"column":36}},"7":{"start":{"line":9,"column":0},"end":{"line":9,"column":44}},"8":{"start":{"line":10,"column":0},"end":{"line":10,"column":42}},"9":{"start":{"line":11,"column":0},"end":{"line":11,"column":46}},"10":{"start":{"line":13,"column":0},"end":{"line":13,"column":26}}},"fnMap":{},"branchMap":{},"s":{"0":0,"1":0,"2":0,"3":0,"4":0,"5":0,"6":0,"7":0,"8":0,"9":0,"10":0},"f":{},"b":{}}
,"C:\\Users\\hp\\projects\\hub\\ERP-System\\src\\routes\\profile.route.ts": {"path":"C:\\Users\\hp\\projects\\hub\\ERP-System\\src\\routes\\profile.route.ts","statementMap":{"0":{"start":{"line":1,"column":0},"end":{"line":1,"column":33}},"1":{"start":{"line":2,"column":0},"end":{"line":2,"column":62}},"2":{"start":{"line":3,"column":0},"end":{"line":3,"column":57}},"3":{"start":{"line":4,"column":0},"end":{"line":4,"column":79}},"4":{"start":{"line":5,"column":30},"end":{"line":5,"column":38}},"5":{"start":{"line":14,"column":9},"end":{"line":14,"column":22}},"6":{"start":{"line":7,"column":0},"end":{"line":7,"column":52}},"7":{"start":{"line":8,"column":0},"end":{"line":13,"column":2}}},"fnMap":{},"branchMap":{},"s":{"0":0,"1":0,"2":0,"3":0,"4":0,"5":0,"6":0,"7":0},"f":{},"b":{}}
,"C:\\Users\\hp\\projects\\hub\\ERP-System\\src\\schema\\employee.schema.ts": {"path":"C:\\Users\\hp\\projects\\hub\\ERP-System\\src\\schema\\employee.schema.ts","statementMap":{"0":{"start":{"line":1,"column":0},"end":{"line":1,"column":24}},"1":{"start":{"line":3,"column":13},"end":{"line":10,"column":3}},"2":{"start":{"line":12,"column":13},"end":{"line":19,"column":3}}},"fnMap":{},"branchMap":{},"s":{"0":0,"1":0,"2":0},"f":{},"b":{}}
,"C:\\Users\\hp\\projects\\hub\\ERP-System\\src\\schema\\profile.schema.ts": {"path":"C:\\Users\\hp\\projects\\hub\\ERP-System\\src\\schema\\profile.schema.ts","statementMap":{"0":{"start":{"line":1,"column":0},"end":{"line":1,"column":24}},"1":{"start":{"line":3,"column":13},"end":{"line":8,"column":3}}},"fnMap":{},"branchMap":{},"s":{"0":0,"1":0},"f":{},"b":{}}
,"C:\\Users\\hp\\projects\\hub\\ERP-System\\src\\schema\\user.schema.ts": {"path":"C:\\Users\\hp\\projects\\hub\\ERP-System\\src\\schema\\user.schema.ts","statementMap":{"0":{"start":{"line":1,"column":0},"end":{"line":1,"column":24}},"1":{"start":{"line":3,"column":13},"end":{"line":6,"column":3}}},"fnMap":{},"branchMap":{},"s":{"0":0,"1":0},"f":{},"b":{}}
,"C:\\Users\\hp\\projects\\hub\\ERP-System\\src\\services\\auth.service.ts": {"path":"C:\\Users\\hp\\projects\\hub\\ERP-System\\src\\services\\auth.service.ts","statementMap":{"0":{"start":{"line":2,"column":0},"end":{"line":2,"column":31}},"1":{"start":{"line":4,"column":0},"end":{"line":4,"column":34}},"2":{"start":{"line":5,"column":0},"end":{"line":5,"column":78}},"3":{"start":{"line":6,"column":0},"end":{"line":6,"column":74}},"4":{"start":{"line":12,"column":32},"end":{"line":12,"column":39}},"5":{"start":{"line":13,"column":27},"end":{"line":13,"column":55}},"6":{"start":{"line":14,"column":15},"end":{"line":14,"column":70}},"7":{"start":{"line":15,"column":4},"end":{"line":17,"column":5}},"8":{"start":{"line":16,"column":6},"end":{"line":16,"column":48}},"9":{"start":{"line":19,"column":20},"end":{"line":24,"column":6}},"10":{"start":{"line":26,"column":4},"end":{"line":29,"column":6}},"11":{"start":{"line":33,"column":32},"end":{"line":33,"column":39}},"12":{"start":{"line":34,"column":22},"end":{"line":34,"column":77}},"13":{"start":{"line":36,"column":4},"end":{"line":38,"column":5}},"14":{"start":{"line":37,"column":6},"end":{"line":37,"column":58}},"15":{"start":{"line":39,"column":23},"end":{"line":39,"column":74}},"16":{"start":{"line":40,"column":4},"end":{"line":42,"column":5}},"17":{"start":{"line":41,"column":6},"end":{"line":41,"column":58}},"18":{"start":{"line":44,"column":24},"end":{"line":44,"column":63}},"19":{"start":{"line":45,"column":22},"end":{"line":45,"column":32}},"20":{"start":{"line":46,"column":4},"end":{"line":48,"column":6}},"21":{"start":{"line":49,"column":4},"end":{"line":53,"column":7}},"22":{"start":{"line":55,"column":17},"end":{"line":58,"column":6}},"23":{"start":{"line":59,"column":4},"end":{"line":63,"column":6}},"24":{"start":{"line":67,"column":4},"end":{"line":69,"column":7}},"25":{"start":{"line":71,"column":4},"end":{"line":73,"column":6}},"26":{"start":{"line":7,"column":0},"end":{"line":7,"column":13}}},"fnMap":{"0":{"name":"(anonymous_8)","decl":{"start":{"line":8,"column":15},"end":{"line":8,"column":23}},"loc":{"start":{"line":8,"column":44},"end":{"line":30,"column":null}}},"1":{"name":"(anonymous_10)","decl":{"start":{"line":32,"column":15},"end":{"line":32,"column":20}},"loc":{"start":{"line":32,"column":40},"end":{"line":64,"column":null}}},"2":{"name":"(anonymous_12)","decl":{"start":{"line":66,"column":15},"end":{"line":66,"column":21}},"loc":{"start":{"line":66,"column":51},"end":{"line":74,"column":null}}}},"branchMap":{"0":{"loc":{"start":{"line":15,"column":4},"end":{"line":17,"column":5}},"type":"if","locations":[{"start":{"line":15,"column":4},"end":{"line":17,"column":5}}]},"1":{"loc":{"start":{"line":36,"column":4},"end":{"line":38,"column":5}},"type":"if","locations":[{"start":{"line":36,"column":4},"end":{"line":38,"column":5}}]},"2":{"loc":{"start":{"line":40,"column":4},"end":{"line":42,"column":5}},"type":"if","locations":[{"start":{"line":40,"column":4},"end":{"line":42,"column":5}}]}},"s":{"0":1,"1":1,"2":1,"3":1,"4":1,"5":1,"6":1,"7":1,"8":0,"9":1,"10":1,"11":0,"12":0,"13":0,"14":0,"15":0,"16":0,"17":0,"18":0,"19":0,"20":0,"21":0,"22":0,"23":0,"24":0,"25":0,"26":1},"f":{"0":1,"1":0,"2":0},"b":{"0":[0],"1":[0],"2":[0]}}
,"C:\\Users\\hp\\projects\\hub\\ERP-System\\src\\services\\dashboard.service.ts": {"path":"C:\\Users\\hp\\projects\\hub\\ERP-System\\src\\services\\dashboard.service.ts","statementMap":{"0":{"start":{"line":1,"column":0},"end":{"line":1,"column":34}},"1":{"start":{"line":5,"column":27},"end":{"line":5,"column":62}},"2":{"start":{"line":6,"column":40},"end":{"line":9,"column":6}},"3":{"start":{"line":10,"column":35},"end":{"line":13,"column":7}},"4":{"start":{"line":10,"column":77},"end":{"line":13,"column":6}},"5":{"start":{"line":14,"column":4},"end":{"line":16,"column":6}},"6":{"start":{"line":3,"column":0},"end":{"line":3,"column":13}}},"fnMap":{"0":{"name":"(anonymous_7)","decl":{"start":{"line":4,"column":15},"end":{"line":4,"column":29}},"loc":{"start":{"line":4,"column":29},"end":{"line":17,"column":null}}},"1":{"name":"(anonymous_9)","decl":{"start":{"line":10,"column":67},"end":{"line":10,"column":68}},"loc":{"start":{"line":10,"column":77},"end":{"line":13,"column":6}}}},"branchMap":{},"s":{"0":0,"1":0,"2":0,"3":0,"4":0,"5":0,"6":0},"f":{"0":0,"1":0},"b":{}}
,"C:\\Users\\hp\\projects\\hub\\ERP-System\\src\\services\\employee.service.ts": {"path":"C:\\Users\\hp\\projects\\hub\\ERP-System\\src\\services\\employee.service.ts","statementMap":{"0":{"start":{"line":1,"column":0},"end":{"line":1,"column":34}},"1":{"start":{"line":2,"column":0},"end":{"line":2,"column":60}},"2":{"start":{"line":5,"column":0},"end":{"line":5,"column":40}},"3":{"start":{"line":10,"column":67},"end":{"line":10,"column":74}},"4":{"start":{"line":11,"column":23},"end":{"line":13,"column":6}},"5":{"start":{"line":14,"column":4},"end":{"line":16,"column":5}},"6":{"start":{"line":15,"column":6},"end":{"line":15,"column":48}},"7":{"start":{"line":17,"column":24},"end":{"line":25,"column":6}},"8":{"start":{"line":28,"column":28},"end":{"line":28,"column":36}},"9":{"start":{"line":29,"column":27},"end":{"line":29,"column":62}},"10":{"start":{"line":30,"column":17},"end":{"line":37,"column":6}},"11":{"start":{"line":39,"column":4},"end":{"line":42,"column":6}},"12":{"start":{"line":49,"column":37},"end":{"line":49,"column":42}},"13":{"start":{"line":50,"column":38},"end":{"line":59,"column":6}},"14":{"start":{"line":60,"column":23},"end":{"line":60,"column":54}},"15":{"start":{"line":61,"column":4},"end":{"line":67,"column":5}},"16":{"start":{"line":62,"column":6},"end":{"line":66,"column":8}},"17":{"start":{"line":68,"column":4},"end":{"line":68,"column":72}},"18":{"start":{"line":74,"column":54},"end":{"line":74,"column":61}},"19":{"start":{"line":76,"column":22},"end":{"line":80,"column":6}},"20":{"start":{"line":82,"column":4},"end":{"line":84,"column":5}},"21":{"start":{"line":83,"column":6},"end":{"line":83,"column":51}},"22":{"start":{"line":86,"column":4},"end":{"line":96,"column":5}},"23":{"start":{"line":87,"column":26},"end":{"line":91,"column":8}},"24":{"start":{"line":93,"column":6},"end":{"line":95,"column":7}},"25":{"start":{"line":94,"column":8},"end":{"line":94,"column":70}},"26":{"start":{"line":98,"column":4},"end":{"line":106,"column":7}},"27":{"start":{"line":108,"column":4},"end":{"line":114,"column":7}},"28":{"start":{"line":116,"column":4},"end":{"line":118,"column":6}},"29":{"start":{"line":124,"column":22},"end":{"line":126,"column":6}},"30":{"start":{"line":127,"column":4},"end":{"line":129,"column":5}},"31":{"start":{"line":128,"column":6},"end":{"line":128,"column":51}},"32":{"start":{"line":130,"column":4},"end":{"line":132,"column":7}},"33":{"start":{"line":134,"column":4},"end":{"line":136,"column":7}},"34":{"start":{"line":138,"column":4},"end":{"line":138,"column":56}},"35":{"start":{"line":6,"column":0},"end":{"line":6,"column":13}}},"fnMap":{"0":{"name":"(anonymous_7)","decl":{"start":{"line":7,"column":15},"end":{"line":7,"column":26}},"loc":{"start":{"line":8,"column":22},"end":{"line":43,"column":null}}},"1":{"name":"(anonymous_9)","decl":{"start":{"line":45,"column":15},"end":{"line":45,"column":29}},"loc":{"start":{"line":48,"column":3},"end":{"line":69,"column":null}}},"2":{"name":"(anonymous_11)","decl":{"start":{"line":70,"column":15},"end":{"line":70,"column":29}},"loc":{"start":{"line":72,"column":31},"end":{"line":119,"column":null}}},"3":{"name":"(anonymous_13)","decl":{"start":{"line":121,"column":15},"end":{"line":121,"column":29}},"loc":{"start":{"line":122,"column":22},"end":{"line":139,"column":null}}}},"branchMap":{"0":{"loc":{"start":{"line":14,"column":4},"end":{"line":16,"column":5}},"type":"if","locations":[{"start":{"line":14,"column":4},"end":{"line":16,"column":5}}]},"1":{"loc":{"start":{"line":49,"column":12},"end":{"line":49,"column":20}},"type":"default-arg","locations":[{"start":{"line":49,"column":19},"end":{"line":49,"column":20}}]},"2":{"loc":{"start":{"line":49,"column":22},"end":{"line":49,"column":32}},"type":"default-arg","locations":[{"start":{"line":49,"column":30},"end":{"line":49,"column":32}}]},"3":{"loc":{"start":{"line":61,"column":4},"end":{"line":67,"column":5}},"type":"if","locations":[{"start":{"line":61,"column":4},"end":{"line":67,"column":5}}]},"4":{"loc":{"start":{"line":82,"column":4},"end":{"line":84,"column":5}},"type":"if","locations":[{"start":{"line":82,"column":4},"end":{"line":84,"column":5}}]},"5":{"loc":{"start":{"line":86,"column":4},"end":{"line":96,"column":5}},"type":"if","locations":[{"start":{"line":86,"column":4},"end":{"line":96,"column":5}}]},"6":{"loc":{"start":{"line":86,"column":8},"end":{"line":86,"column":42}},"type":"binary-expr","locations":[{"start":{"line":86,"column":8},"end":{"line":86,"column":13}},{"start":{"line":86,"column":17},"end":{"line":86,"column":42}}]},"7":{"loc":{"start":{"line":93,"column":6},"end":{"line":95,"column":7}},"type":"if","locations":[{"start":{"line":93,"column":6},"end":{"line":95,"column":7}}]},"8":{"loc":{"start":{"line":127,"column":4},"end":{"line":129,"column":5}},"type":"if","locations":[{"start":{"line":127,"column":4},"end":{"line":129,"column":5}}]}},"s":{"0":0,"1":0,"2":0,"3":0,"4":0,"5":0,"6":0,"7":0,"8":0,"9":0,"10":0,"11":0,"12":0,"13":0,"14":0,"15":0,"16":0,"17":0,"18":0,"19":0,"20":0,"21":0,"22":0,"23":0,"24":0,"25":0,"26":0,"27":0,"28":0,"29":0,"30":0,"31":0,"32":0,"33":0,"34":0,"35":0},"f":{"0":0,"1":0,"2":0,"3":0},"b":{"0":[0],"1":[0],"2":[0],"3":[0],"4":[0],"5":[0],"6":[0,0],"7":[0],"8":[0]}}
,"C:\\Users\\hp\\projects\\hub\\ERP-System\\src\\services\\profile.service.ts": {"path":"C:\\Users\\hp\\projects\\hub\\ERP-System\\src\\services\\profile.service.ts","statementMap":{"0":{"start":{"line":1,"column":0},"end":{"line":1,"column":34}},"1":{"start":{"line":2,"column":0},"end":{"line":2,"column":50}},"2":{"start":{"line":6,"column":22},"end":{"line":9,"column":6}},"3":{"start":{"line":10,"column":4},"end":{"line":12,"column":5}},"4":{"start":{"line":11,"column":6},"end":{"line":11,"column":51}},"5":{"start":{"line":13,"column":36},"end":{"line":13,"column":45}},"6":{"start":{"line":13,"column":31},"end":{"line":13,"column":36}},"7":{"start":{"line":14,"column":4},"end":{"line":16,"column":6}},"8":{"start":{"line":20,"column":53},"end":{"line":20,"column":60}},"9":{"start":{"line":21,"column":22},"end":{"line":24,"column":6}},"10":{"start":{"line":25,"column":4},"end":{"line":27,"column":5}},"11":{"start":{"line":26,"column":6},"end":{"line":26,"column":51}},"12":{"start":{"line":28,"column":4},"end":{"line":33,"column":7}},"13":{"start":{"line":34,"column":4},"end":{"line":42,"column":7}},"14":{"start":{"line":43,"column":4},"end":{"line":45,"column":6}},"15":{"start":{"line":4,"column":0},"end":{"line":4,"column":13}}},"fnMap":{"0":{"name":"(anonymous_8)","decl":{"start":{"line":5,"column":15},"end":{"line":5,"column":26}},"loc":{"start":{"line":5,"column":41},"end":{"line":17,"column":null}}},"1":{"name":"(anonymous_10)","decl":{"start":{"line":19,"column":15},"end":{"line":19,"column":28}},"loc":{"start":{"line":19,"column":52},"end":{"line":46,"column":null}}}},"branchMap":{"0":{"loc":{"start":{"line":10,"column":4},"end":{"line":12,"column":5}},"type":"if","locations":[{"start":{"line":10,"column":4},"end":{"line":12,"column":5}}]},"1":{"loc":{"start":{"line":25,"column":4},"end":{"line":27,"column":5}},"type":"if","locations":[{"start":{"line":25,"column":4},"end":{"line":27,"column":5}}]}},"s":{"0":0,"1":0,"2":0,"3":0,"4":0,"5":0,"6":0,"7":0,"8":0,"9":0,"10":0,"11":0,"12":0,"13":0,"14":0,"15":0},"f":{"0":0,"1":0},"b":{"0":[0],"1":[0]}}
,"C:\\Users\\hp\\projects\\hub\\ERP-System\\src\\utils\\index.ts": {"path":"C:\\Users\\hp\\projects\\hub\\ERP-System\\src\\utils\\index.ts","statementMap":{"0":{"start":{"line":4,"column":0},"end":{"line":4,"column":22}},"1":{"start":{"line":8,"column":0},"end":{"line":8,"column":22}},"2":{"start":{"line":15,"column":0},"end":{"line":15,"column":22}},"3":{"start":{"line":1,"column":0},"end":{"line":1,"column":31}},"4":{"start":{"line":2,"column":0},"end":{"line":2,"column":28}},"5":{"start":{"line":3,"column":0},"end":{"line":3,"column":31}},"6":{"start":{"line":5,"column":2},"end":{"line":5,"column":41}},"7":{"start":{"line":12,"column":2},"end":{"line":12,"column":56}},"8":{"start":{"line":16,"column":2},"end":{"line":18,"column":5}},"9":{"start":{"line":21,"column":34},"end":{"line":27,"column":1}},"10":{"start":{"line":22,"column":12},"end":{"line":22,"column":14}},"11":{"start":{"line":23,"column":2},"end":{"line":25,"column":3}},"12":{"start":{"line":23,"column":15},"end":{"line":23,"column":16}},"13":{"start":{"line":24,"column":4},"end":{"line":24,"column":56}},"14":{"start":{"line":26,"column":2},"end":{"line":26,"column":13}},"15":{"start":{"line":21,"column":13},"end":{"line":21,"column":34}}},"fnMap":{"0":{"name":"hashPassword","decl":{"start":{"line":4,"column":22},"end":{"line":4,"column":34}},"loc":{"start":{"line":4,"column":51},"end":{"line":6,"column":null}}},"1":{"name":"comparePassword","decl":{"start":{"line":8,"column":22},"end":{"line":8,"column":37}},"loc":{"start":{"line":10,"column":24},"end":{"line":13,"column":null}}},"2":{"name":"generateAccessToken","decl":{"start":{"line":15,"column":22},"end":{"line":15,"column":41}},"loc":{"start":{"line":15,"column":56},"end":{"line":19,"column":null}}},"3":{"name":"(anonymous_14)","decl":{"start":{"line":21,"column":34},"end":{"line":21,"column":35}},"loc":{"start":{"line":21,"column":61},"end":{"line":27,"column":1}}}},"branchMap":{},"s":{"0":1,"1":1,"2":1,"3":1,"4":1,"5":1,"6":0,"7":0,"8":0,"9":1,"10":0,"11":0,"12":0,"13":0,"14":0,"15":1},"f":{"0":0,"1":0,"2":0,"3":0},"b":{}}
,"C:\\Users\\hp\\projects\\hub\\ERP-System\\src\\utils\\logger.ts": {"path":"C:\\Users\\hp\\projects\\hub\\ERP-System\\src\\utils\\logger.ts","statementMap":{"0":{"start":{"line":1,"column":0},"end":{"line":1,"column":24}},"1":{"start":{"line":2,"column":0},"end":{"line":2,"column":26}},"2":{"start":{"line":4,"column":12},"end":{"line":12,"column":2}},"3":{"start":{"line":11,"column":21},"end":{"line":11,"column":52}},"4":{"start":{"line":14,"column":0},"end":{"line":14,"column":19}}},"fnMap":{"0":{"name":"(anonymous_1)","decl":{"start":{"line":11,"column":15},"end":{"line":11,"column":18}},"loc":{"start":{"line":11,"column":21},"end":{"line":11,"column":52}}}},"branchMap":{},"s":{"0":1,"1":1,"2":1,"3":1,"4":1},"f":{"0":1},"b":{}}
}
