TN:
SF:src\index.ts
FN:16,(anonymous_1)
FN:34,(anonymous_2)
FNF:2
FNH:0
FNDA:0,(anonymous_1)
FNDA:0,(anonymous_2)
DA:1,0
DA:2,0
DA:3,0
DA:4,0
DA:5,0
DA:6,0
DA:7,0
DA:8,0
DA:9,0
DA:11,0
DA:12,0
DA:13,0
DA:14,0
DA:16,0
DA:17,0
DA:24,0
DA:26,0
DA:28,0
DA:32,0
DA:33,0
DA:34,0
DA:35,0
LF:22
LH:0
BRF:0
BRH:0
end_of_record
TN:
SF:src\config\index.ts
FNF:0
FNH:0
DA:1,2
DA:2,2
DA:4,2
DA:14,2
LF:4
LH:4
BRDA:5,0,0,2
BRDA:5,0,1,0
BRDA:5,1,0,2
BRDA:5,1,1,2
BRF:4
BRH:3
end_of_record
TN:
SF:src\config\swaggerConfig.ts
FNF:0
FNH:0
DA:1,0
DA:2,0
DA:3,0
DA:46,0
DA:50,0
DA:51,0
LF:6
LH:0
BRF:0
BRH:0
end_of_record
TN:
SF:src\controllers\auth.controller.ts
FN:6,(anonymous_8)
FN:6,(anonymous_9)
FN:11,(anonymous_10)
FN:11,(anonymous_11)
FN:16,(anonymous_12)
FN:16,(anonymous_13)
FNF:6
FNH:0
FNDA:0,(anonymous_8)
FNDA:0,(anonymous_9)
FNDA:0,(anonymous_10)
FNDA:0,(anonymous_11)
FNDA:0,(anonymous_12)
FNDA:0,(anonymous_13)
DA:2,0
DA:3,0
DA:4,0
DA:6,0
DA:7,0
DA:8,0
DA:11,0
DA:12,0
DA:13,0
DA:16,0
DA:17,0
DA:18,0
DA:19,0
DA:20,0
LF:14
LH:0
BRF:0
BRH:0
end_of_record
TN:
SF:src\controllers\dashboard.controller.ts
FN:7,(anonymous_8)
FN:7,(anonymous_9)
FNF:2
FNH:0
FNDA:0,(anonymous_8)
FNDA:0,(anonymous_9)
DA:2,0
DA:3,0
DA:4,0
DA:6,0
DA:7,0
DA:8,0
DA:9,0
LF:7
LH:0
BRF:0
BRH:0
end_of_record
TN:
SF:src\controllers\employee.controller.ts
FN:7,(anonymous_8)
FN:7,(anonymous_9)
FN:13,(anonymous_10)
FN:13,(anonymous_11)
FN:27,(anonymous_12)
FN:27,(anonymous_13)
FN:36,(anonymous_14)
FN:36,(anonymous_15)
FNF:8
FNH:0
FNDA:0,(anonymous_8)
FNDA:0,(anonymous_9)
FNDA:0,(anonymous_10)
FNDA:0,(anonymous_11)
FNDA:0,(anonymous_12)
FNDA:0,(anonymous_13)
FNDA:0,(anonymous_14)
FNDA:0,(anonymous_15)
DA:2,0
DA:3,0
DA:5,0
DA:7,0
DA:8,0
DA:9,0
DA:12,0
DA:13,0
DA:14,0
DA:16,0
DA:20,0
DA:26,0
DA:27,0
DA:28,0
DA:30,0
DA:31,0
DA:35,0
DA:36,0
DA:37,0
DA:38,0
DA:39,0
LF:21
LH:0
BRDA:17,0,0,0
BRDA:17,0,1,0
BRDA:18,1,0,0
BRDA:18,1,1,0
BRDA:22,2,0,0
BRDA:22,2,1,0
BRDA:22,3,0,0
BRDA:22,3,1,0
BRF:8
BRH:0
end_of_record
TN:
SF:src\controllers\profile.controller.ts
FN:6,(anonymous_8)
FN:6,(anonymous_9)
FN:14,(anonymous_10)
FN:14,(anonymous_11)
FNF:4
FNH:0
FNDA:0,(anonymous_8)
FNDA:0,(anonymous_9)
FNDA:0,(anonymous_10)
FNDA:0,(anonymous_11)
DA:1,0
DA:2,0
DA:4,0
DA:6,0
DA:7,0
DA:9,0
DA:10,0
DA:13,0
DA:14,0
DA:15,0
DA:17,0
DA:18,0
LF:12
LH:0
BRF:0
BRH:0
end_of_record
TN:
SF:src\docs\auth.doc.ts
FNF:0
FNH:0
DA:1,0
DA:56,0
DA:117,0
LF:3
LH:0
BRF:0
BRH:0
end_of_record
TN:
SF:src\docs\dashboard.doc.ts
FNF:0
FNH:0
DA:1,0
LF:1
LH:0
BRF:0
BRH:0
end_of_record
TN:
SF:src\docs\employee.doc.ts
FNF:0
FNH:0
DA:1,0
DA:91,0
DA:189,0
DA:254,0
LF:4
LH:0
BRF:0
BRH:0
end_of_record
TN:
SF:src\docs\profile.doc.ts
FNF:0
FNH:0
DA:1,0
DA:64,0
LF:2
LH:0
BRF:0
BRH:0
end_of_record
TN:
SF:src\middlewares\asyncHandler.ts
FN:9,(anonymous_0)
FN:10,(anonymous_1)
FNF:2
FNH:0
FNDA:0,(anonymous_0)
FNDA:0,(anonymous_1)
DA:9,1
DA:10,0
DA:11,0
DA:14,1
LF:4
LH:2
BRF:0
BRH:0
end_of_record
TN:
SF:src\middlewares\auth.ts
FN:9,(anonymous_8)
FN:13,(anonymous_9)
FN:34,(anonymous_10)
FN:34,(anonymous_11)
FN:69,(anonymous_12)
FN:73,(anonymous_13)
FNF:6
FNH:0
FNDA:0,(anonymous_8)
FNDA:0,(anonymous_9)
FNDA:0,(anonymous_10)
FNDA:0,(anonymous_11)
FNDA:0,(anonymous_12)
FNDA:0,(anonymous_13)
DA:2,1
DA:3,1
DA:5,1
DA:6,1
DA:7,1
DA:9,1
DA:13,0
DA:14,0
DA:15,0
DA:17,0
DA:18,0
DA:22,0
DA:25,0
DA:26,0
DA:27,0
DA:31,0
DA:34,0
DA:35,0
DA:36,0
DA:40,0
DA:42,0
DA:45,0
DA:46,0
DA:51,0
DA:54,0
DA:55,0
DA:59,0
DA:61,0
DA:62,0
DA:65,0
DA:66,0
DA:69,1
DA:73,0
DA:74,0
DA:75,0
DA:76,0
DA:78,0
DA:82,0
LF:38
LH:7
BRDA:17,0,0,0
BRDA:17,1,0,0
BRDA:17,1,1,0
BRDA:26,2,0,0
BRDA:35,3,0,0
BRDA:45,4,0,0
BRDA:45,5,0,0
BRDA:45,5,1,0
BRDA:54,6,0,0
BRDA:75,7,0,0
BRDA:75,7,1,0
BRDA:75,8,0,0
BRDA:75,8,1,0
BRDA:75,9,0,0
BRDA:75,9,1,0
BRF:15
BRH:0
end_of_record
TN:
SF:src\middlewares\error.ts
FN:9,(anonymous_1)
FN:17,(anonymous_2)
FN:23,(anonymous_3)
FN:29,(anonymous_4)
FN:35,(anonymous_5)
FN:41,(anonymous_6)
FN:47,(anonymous_7)
FN:53,(anonymous_8)
FN:59,(anonymous_9)
FN:64,(anonymous_10)
FN:69,(anonymous_11)
FNF:11
FNH:4
FNDA:6,(anonymous_1)
FNDA:1,(anonymous_2)
FNDA:3,(anonymous_3)
FNDA:0,(anonymous_4)
FNDA:0,(anonymous_5)
FNDA:2,(anonymous_6)
FNDA:0,(anonymous_7)
FNDA:0,(anonymous_8)
FNDA:0,(anonymous_9)
FNDA:0,(anonymous_10)
FNDA:0,(anonymous_11)
DA:2,1
DA:3,1
DA:7,6
DA:10,6
DA:11,6
DA:12,6
DA:18,1
DA:24,3
DA:30,0
DA:36,0
DA:42,2
DA:48,0
DA:54,0
DA:60,0
DA:64,1
DA:65,0
DA:66,0
DA:69,1
DA:75,0
DA:76,0
DA:77,0
DA:78,0
DA:79,0
DA:81,0
DA:82,0
DA:84,0
DA:92,1
DA:93,1
DA:94,1
DA:95,1
DA:96,1
DA:97,1
DA:98,1
DA:99,1
DA:100,1
DA:101,1
DA:102,1
LF:37
LH:22
BRDA:76,0,0,0
BRDA:76,0,1,0
BRDA:77,1,0,0
BRDA:77,1,1,0
BRDA:78,2,0,0
BRDA:78,2,1,0
BRDA:81,3,0,0
BRF:7
BRH:0
end_of_record
TN:
SF:src\middlewares\index.ts
FNF:0
FNH:0
DA:1,1
DA:2,1
DA:3,1
DA:4,1
DA:5,1
LF:5
LH:5
BRF:0
BRH:0
end_of_record
TN:
SF:src\middlewares\validation.ts
FN:4,validateData
FN:5,(anonymous_1)
FN:11,(anonymous_2)
FN:22,validateQuery
FN:23,(anonymous_4)
FN:29,(anonymous_5)
FNF:6
FNH:0
FNDA:0,validateData
FNDA:0,(anonymous_1)
FNDA:0,(anonymous_2)
FNDA:0,validateQuery
FNDA:0,(anonymous_4)
FNDA:0,(anonymous_5)
DA:2,1
DA:4,1
DA:5,0
DA:6,0
DA:7,0
DA:8,0
DA:10,0
DA:11,0
DA:14,0
DA:16,0
DA:22,1
DA:23,0
DA:24,0
DA:25,0
DA:26,0
DA:28,0
DA:29,0
DA:32,0
DA:34,0
LF:19
LH:3
BRDA:10,0,0,0
BRDA:10,0,1,0
BRDA:28,1,0,0
BRDA:28,1,1,0
BRF:4
BRH:0
end_of_record
TN:
SF:src\routes\auth.route.ts
FNF:0
FNH:0
DA:1,0
DA:2,0
DA:4,0
DA:5,0
DA:6,0
DA:7,0
DA:9,0
DA:10,0
DA:11,0
DA:13,0
LF:10
LH:0
BRF:0
BRH:0
end_of_record
TN:
SF:src\routes\dashboard.route.ts
FNF:0
FNH:0
DA:1,0
DA:2,0
DA:3,0
DA:4,0
DA:6,0
DA:13,0
LF:6
LH:0
BRF:0
BRH:0
end_of_record
TN:
SF:src\routes\employee.route.ts
FNF:0
FNH:0
DA:1,0
DA:2,0
DA:3,0
DA:9,0
DA:13,0
DA:15,0
DA:23,0
DA:24,0
DA:31,0
DA:32,0
LF:10
LH:0
BRF:0
BRH:0
end_of_record
TN:
SF:src\routes\index.ts
FNF:0
FNH:0
DA:1,0
DA:2,0
DA:3,0
DA:4,0
DA:5,0
DA:6,0
DA:8,0
DA:9,0
DA:10,0
DA:11,0
DA:13,0
LF:11
LH:0
BRF:0
BRH:0
end_of_record
TN:
SF:src\routes\profile.route.ts
FNF:0
FNH:0
DA:1,0
DA:2,0
DA:3,0
DA:4,0
DA:5,0
DA:7,0
DA:8,0
DA:14,0
LF:8
LH:0
BRF:0
BRH:0
end_of_record
TN:
SF:src\schema\employee.schema.ts
FNF:0
FNH:0
DA:1,0
DA:3,0
DA:12,0
LF:3
LH:0
BRF:0
BRH:0
end_of_record
TN:
SF:src\schema\profile.schema.ts
FNF:0
FNH:0
DA:1,0
DA:3,0
LF:2
LH:0
BRF:0
BRH:0
end_of_record
TN:
SF:src\schema\user.schema.ts
FNF:0
FNH:0
DA:1,0
DA:3,0
LF:2
LH:0
BRF:0
BRH:0
end_of_record
TN:
SF:src\services\auth.service.ts
FN:8,(anonymous_8)
FN:32,(anonymous_10)
FN:66,(anonymous_12)
FNF:3
FNH:2
FNDA:2,(anonymous_8)
FNDA:2,(anonymous_10)
FNDA:0,(anonymous_12)
DA:2,1
DA:4,1
DA:5,1
DA:6,1
DA:7,1
DA:12,2
DA:13,2
DA:14,2
DA:15,2
DA:16,1
DA:19,1
DA:26,1
DA:33,2
DA:34,2
DA:36,2
DA:37,1
DA:39,1
DA:40,1
DA:41,1
DA:44,0
DA:45,0
DA:46,0
DA:49,0
DA:55,0
DA:59,0
DA:67,0
DA:71,0
LF:27
LH:19
BRDA:15,0,0,1
BRDA:36,1,0,1
BRDA:40,2,0,1
BRF:3
BRH:3
end_of_record
TN:
SF:src\services\dashboard.service.ts
FN:4,(anonymous_7)
FN:10,(anonymous_9)
FNF:2
FNH:0
FNDA:0,(anonymous_7)
FNDA:0,(anonymous_9)
DA:1,0
DA:3,0
DA:5,0
DA:6,0
DA:10,0
DA:14,0
LF:6
LH:0
BRF:0
BRH:0
end_of_record
TN:
SF:src\services\employee.service.ts
FN:7,(anonymous_7)
FN:45,(anonymous_9)
FN:70,(anonymous_11)
FN:121,(anonymous_13)
FNF:4
FNH:0
FNDA:0,(anonymous_7)
FNDA:0,(anonymous_9)
FNDA:0,(anonymous_11)
FNDA:0,(anonymous_13)
DA:1,0
DA:2,0
DA:5,0
DA:6,0
DA:10,0
DA:11,0
DA:14,0
DA:15,0
DA:17,0
DA:28,0
DA:29,0
DA:30,0
DA:39,0
DA:49,0
DA:50,0
DA:60,0
DA:61,0
DA:62,0
DA:68,0
DA:74,0
DA:76,0
DA:82,0
DA:83,0
DA:86,0
DA:87,0
DA:93,0
DA:94,0
DA:98,0
DA:108,0
DA:116,0
DA:124,0
DA:127,0
DA:128,0
DA:130,0
DA:134,0
DA:138,0
LF:36
LH:0
BRDA:14,0,0,0
BRDA:49,1,0,0
BRDA:49,2,0,0
BRDA:61,3,0,0
BRDA:82,4,0,0
BRDA:86,5,0,0
BRDA:86,6,0,0
BRDA:86,6,1,0
BRDA:93,7,0,0
BRDA:127,8,0,0
BRF:10
BRH:0
end_of_record
TN:
SF:src\services\profile.service.ts
FN:5,(anonymous_8)
FN:19,(anonymous_10)
FNF:2
FNH:0
FNDA:0,(anonymous_8)
FNDA:0,(anonymous_10)
DA:1,0
DA:2,0
DA:4,0
DA:6,0
DA:10,0
DA:11,0
DA:13,0
DA:14,0
DA:20,0
DA:21,0
DA:25,0
DA:26,0
DA:28,0
DA:34,0
DA:43,0
LF:15
LH:0
BRDA:10,0,0,0
BRDA:25,1,0,0
BRF:2
BRH:0
end_of_record
TN:
SF:src\utils\index.ts
FN:4,hashPassword
FN:8,comparePassword
FN:15,generateAccessToken
FN:21,(anonymous_14)
FNF:4
FNH:0
FNDA:0,hashPassword
FNDA:0,comparePassword
FNDA:0,generateAccessToken
FNDA:0,(anonymous_14)
DA:1,1
DA:2,1
DA:3,1
DA:4,1
DA:5,0
DA:8,1
DA:12,0
DA:15,1
DA:16,0
DA:21,1
DA:22,0
DA:23,0
DA:24,0
DA:26,0
LF:14
LH:7
BRF:0
BRH:0
end_of_record
TN:
SF:src\utils\logger.ts
FN:11,(anonymous_1)
FNF:1
FNH:1
FNDA:1,(anonymous_1)
DA:1,1
DA:2,1
DA:4,1
DA:11,1
DA:14,1
LF:5
LH:5
BRF:0
BRH:0
end_of_record
